<?xml version="1.0" encoding="UTF-8"?>
<testsuite xmlns:xsi="http://www.w3.org/2001/XMLSchema-instance" xsi:noNamespaceSchemaLocation="https://maven.apache.org/surefire/maven-surefire-plugin/xsd/surefire-test-report-3.0.xsd" version="3.0" name="abd.mavenproject1.LibraryManagementSystemIT" time="0.055" tests="3" errors="3" skipped="0" failures="0">
  <properties>
[...]
</properties>
  <testcase name="testBorrowUnavailableBook" classname="abd.mavenproject1.LibraryManagementSystemIT" time="0.028">
    <error message="Cannot invoke &quot;Object.getClass()&quot; because &quot;book&quot; is null" type="java.lang.NullPointerException"><![CDATA[java.lang.NullPointerException: Cannot invoke "Object.getClass()" because "book" is null
	at abd.mavenproject1.LibraryManagementSystemIT.testBorrowUnavailableBook(LibraryManagementSystemIT.java:52)
	at java.base/java.lang.reflect.Method.invoke(Method.java:565)
	at java.base/java.util.ArrayList.forEach(ArrayList.java:1604)
	at java.base/java.util.ArrayList.forEach(ArrayList.java:1604)
]]></error>
  </testcase>
  <testcase name="testAddBookAndSearch" classname="abd.mavenproject1.LibraryManagementSystemIT" time="0.003">
    <error message="Not supported yet." type="java.lang.UnsupportedOperationException"><![CDATA[java.lang.UnsupportedOperationException: Not supported yet.
	at abd.mavenproject1.LibraryManagementSystemIT.assertNotNull(LibraryManagementSystemIT.java:81)
	at abd.mavenproject1.LibraryManagementSystemIT.testAddBookAndSearch(LibraryManagementSystemIT.java:34)
	at java.base/java.lang.reflect.Method.invoke(Method.java:565)
	at java.base/java.util.ArrayList.forEach(ArrayList.java:1604)
	at java.base/java.util.ArrayList.forEach(ArrayList.java:1604)
]]></error>
  </testcase>
  <testcase name="testBorrowBookSuccess" classname="abd.mavenproject1.LibraryManagementSystemIT" time="0.001">
    <error message="Cannot invoke &quot;Object.getClass()&quot; because &quot;book&quot; is null" type="java.lang.NullPointerException"><![CDATA[java.lang.NullPointerException: Cannot invoke "Object.getClass()" because "book" is null
	at abd.mavenproject1.LibraryManagementSystemIT.testBorrowBookSuccess(LibraryManagementSystemIT.java:43)
	at java.base/java.lang.reflect.Method.invoke(Method.java:565)
	at java.base/java.util.ArrayList.forEach(ArrayList.java:1604)
	at java.base/java.util.ArrayList.forEach(ArrayList.java:1604)
]]></error>
  </testcase>
</testsuite>