<?xml version="1.0" encoding="UTF-8"?>
<testsuite xmlns:xsi="http://www.w3.org/2001/XMLSchema-instance" xsi:noNamespaceSchemaLocation="https://maven.apache.org/surefire/maven-failsafe-plugin/xsd/failsafe-test-report.xsd" version="3.0.2" name="abd.mavenproject1.LibraryManagementSystemIT" time="0.09" tests="3" errors="0" skipped="0" failures="0">
  <properties>
[...]
</properties>
  <testcase name="testBorrowUnavailableBook" classname="abd.mavenproject1.LibraryManagementSystemIT" time="0.048"/>
  <testcase name="testAddBookAndSearch" classname="abd.mavenproject1.LibraryManagementSystemIT" time="0.004"/>
  <testcase name="testBorrowBookSuccess" classname="abd.mavenproject1.LibraryManagementSystemIT" time="0.005"/>
</testsuite>