<?xml version="1.0" encoding="UTF-8"?>
<testsuite xmlns:xsi="http://www.w3.org/2001/XMLSchema-instance" xsi:noNamespaceSchemaLocation="https://maven.apache.org/surefire/maven-failsafe-plugin/xsd/failsafe-test-report.xsd" version="3.0.2" name="TestProject.LibraryManagementSystemIT" time="0.056" tests="4" errors="0" skipped="0" failures="0">
  <properties>
[...]
</properties>
  <testcase name="testBorrowUnavailableBook" classname="TestProject.LibraryManagementSystemIT" time="0.027"/>
  <testcase name="testAddBookAndSearch" classname="TestProject.LibraryManagementSystemIT" time="0.001"/>
  <testcase name="testIntegrationMemberBorrowBook" classname="TestProject.LibraryManagementSystemIT" time="0.004"/>
  <testcase name="testBorrowBookSuccess" classname="TestProject.LibraryManagementSystemIT" time="0.001"/>
</testsuite>